<?xml version="1.0" encoding="UTF-8"?>
<!-- Generated by org.testng.reporters.JUnitReportReporter -->
<testsuite hostname="DESKTOP-G9L5PQ2" failures="1" tests="4" name="TestCases.DemoTest2" time="4.453" errors="0" timestamp="2023-01-05T19:29:37 IST" skipped="3">
  <testcase classname="TestCases.DemoTest2" name="addProductTest" time="4.453">
    <failure message="test case fail zali ka expected [4] but found [3]" type="java.lang.AssertionError">
      <![CDATA[java.lang.AssertionError: test case fail zali ka expected [4] but found [3]
at org.testng.Assert.fail(Assert.java:97)
at org.testng.Assert.assertEqualsImpl(Assert.java:136)
at org.testng.Assert.assertEquals(Assert.java:118)
at org.testng.Assert.assertEquals(Assert.java:575)
at TestCases.DemoTest2.addProductTest(DemoTest2.java:49)
at java.base/jdk.internal.reflect.NativeMethodAccessorImpl.invoke0(Native Method)
at java.base/jdk.internal.reflect.NativeMethodAccessorImpl.invoke(NativeMethodAccessorImpl.java:62)
at java.base/jdk.internal.reflect.DelegatingMethodAccessorImpl.invoke(DelegatingMethodAccessorImpl.java:43)
at java.base/java.lang.reflect.Method.invoke(Method.java:566)
at org.testng.internal.MethodInvocationHelper.invokeMethod(MethodInvocationHelper.java:133)
at org.testng.internal.InvokeMethodRunnable.runOne(InvokeMethodRunnable.java:51)
at org.testng.internal.InvokeMethodRunnable.run(InvokeMethodRunnable.java:41)
at java.base/java.util.concurrent.Executors$RunnableAdapter.call(Executors.java:515)
at java.base/java.util.concurrent.FutureTask.run(FutureTask.java:264)
at java.base/java.util.concurrent.ThreadPoolExecutor.runWorker(ThreadPoolExecutor.java:1128)
at java.base/java.util.concurrent.ThreadPoolExecutor$Worker.run(ThreadPoolExecutor.java:628)
at java.base/java.lang.Thread.run(Thread.java:834)
]]>
    </failure>
  </testcase> <!-- addProductTest -->
  <testcase classname="TestCases.DemoTest2" name="verifyProductLableOfInventryTest">
    <skipped/>
  </testcase> <!-- verifyProductLableOfInventryTest -->
  <testcase classname="TestCases.DemoTest2" name="verifypeekLogoTest">
    <skipped/>
  </testcase> <!-- verifypeekLogoTest -->
  <testcase classname="TestCases.DemoTest2" name="cartLinkClickTest">
    <skipped/>
  </testcase> <!-- cartLinkClickTest -->
</testsuite> <!-- TestCases.DemoTest2 -->
